
> info-hub@0.1.0 dev
> next dev

▲ Next.js 16.1.6 (Turbopack)
- Local:         http://localhost:3000
- Network:       http://10.255.255.254:3000
- Environments: .env.local
- Experiments (use with caution):
  · serverActions

✓ Starting...
✓ Ready in 3.2s
 GET / 200 in 3.0s (compile: 2.7s, proxy.ts: 178ms, render: 185ms)
 GET /api/slideshow 200 in 98ms (compile: 83ms, render: 15ms)
 GET /dashboard 200 in 572ms (compile: 393ms, proxy.ts: 12ms, render: 167ms)
 GET /user 200 in 506ms (compile: 420ms, proxy.ts: 15ms, render: 71ms)
 GET / 200 in 33ms (compile: 4ms, proxy.ts: 5ms, render: 25ms)
 POST /user 303 in 80ms (compile: 4ms, proxy.ts: 10ms, render: 66ms)
 GET / 200 in 27ms (compile: 4ms, proxy.ts: 6ms, render: 16ms)
 GET /api/slideshow 200 in 6ms (compile: 2ms, render: 4ms)
 GET /api/slideshow 200 in 7ms (compile: 3ms, render: 4ms)
 GET /signup 200 in 219ms (compile: 192ms, proxy.ts: 8ms, render: 19ms)
 GET /login 200 in 196ms (compile: 170ms, proxy.ts: 7ms, render: 18ms)
[31m[auth][error][0m SyntaxError: Unexpected token '<', "

<!-- Copyr"... is not valid JSON


<!-- Copyr"... is not valid JSON
    at JSON.parse (<anonymous>)
    at parseJSONFromBytes (node:internal/deps/undici/undici:4337:19)
    at successSteps (node:internal/deps/undici/undici:6985:27)
    at readAllBytes (node:internal/deps/undici/undici:5908:13)
    at process.processTicksAndRejections (node:internal/process/task_queues:104:5)
 GET /auth/error?error=Configuration 404 in 1043ms (compile: 1005ms, proxy.ts: 8ms, render: 29ms)
 POST /login 303 in 1326ms (compile: 6ms, proxy.ts: 5ms, render: 1314ms)
 GET /auth/error?error=Configuration 404 in 74ms (compile: 5ms, proxy.ts: 8ms, render: 60ms)
 GET /login 200 in 84ms (compile: 4ms, proxy.ts: 6ms, render: 75ms)
 GET /dashboard 200 in 78ms (compile: 5ms, proxy.ts: 10ms, render: 64ms)
 POST /login 303 in 173ms (compile: 7ms, proxy.ts: 6ms, render: 159ms)
 GET /post/create 200 in 388ms (compile: 347ms, proxy.ts: 9ms, render: 33ms)
 GET /dashboard 200 in 59ms (compile: 6ms, proxy.ts: 14ms, render: 39ms)
 GET /dashboard?type=Article 200 in 50ms (compile: 3ms, proxy.ts: 9ms, render: 37ms)
 GET /dashboard?type=Discussion 200 in 88ms (compile: 3ms, proxy.ts: 14ms, render: 71ms)
 GET /dashboard?type=Article 200 in 103ms (compile: 21ms, proxy.ts: 13ms, render: 68ms)
 GET /dashboard?type=Inquiry 200 in 65ms (compile: 7ms, proxy.ts: 27ms, render: 31ms)
 GET /dashboard?type=Article 200 in 38ms (compile: 3ms, proxy.ts: 8ms, render: 26ms)
 GET /dashboard?type=Discussion 200 in 42ms (compile: 3ms, proxy.ts: 9ms, render: 30ms)
 GET /dashboard?type=Inquiry 200 in 39ms (compile: 2ms, proxy.ts: 9ms, render: 27ms)
 GET /dashboard?type=Inquiry&tag=Digital+Transformation 200 in 43ms (compile: 3ms, proxy.ts: 11ms, render: 30ms)
 GET /dashboard?type=Inquiry&tag=Service+Delivery 200 in 46ms (compile: 3ms, proxy.ts: 11ms, render: 31ms)
 GET /dashboard?type=Inquiry&tag=Project+Management 200 in 47ms (compile: 3ms, proxy.ts: 10ms, render: 35ms)
 GET /dashboard?type=Inquiry&tag=Product 200 in 45ms (compile: 3ms, proxy.ts: 12ms, render: 30ms)
 GET /dashboard?type=Inquiry&tag=Security 200 in 48ms (compile: 3ms, proxy.ts: 11ms, render: 33ms)
 GET /dashboard?type=Inquiry&tag=Infrastructure 200 in 49ms (compile: 4ms, proxy.ts: 12ms, render: 34ms)
 GET /dashboard?type=Discussion&tag=Infrastructure 200 in 44ms (compile: 3ms, proxy.ts: 11ms, render: 30ms)
 GET /dashboard?type=Article&tag=Infrastructure 200 in 38ms (compile: 3ms, proxy.ts: 7ms, render: 28ms)
 GET /dashboard?q=Hello 200 in 38ms (compile: 2ms, proxy.ts: 7ms, render: 28ms)
 GET /dashboard 200 in 54ms (compile: 6ms, proxy.ts: 8ms, render: 40ms)
 GET /user 200 in 59ms (compile: 10ms, proxy.ts: 8ms, render: 41ms)
 GET /dashboard 200 in 57ms (compile: 5ms, proxy.ts: 16ms, render: 37ms)
 GET /dashboard 200 in 37ms (compile: 2ms, proxy.ts: 8ms, render: 27ms)
 GET / 200 in 347ms (compile: 47ms, proxy.ts: 101ms, render: 198ms)
 GET /api/slideshow 200 in 37ms (compile: 12ms, render: 25ms)
 GET /dashboard 200 in 146ms (compile: 9ms, proxy.ts: 18ms, render: 119ms)
 GET /user 200 in 55ms (compile: 4ms, proxy.ts: 8ms, render: 42ms)
 GET / 200 in 32ms (compile: 4ms, proxy.ts: 4ms, render: 24ms)
 POST /user 303 in 91ms (compile: 3ms, proxy.ts: 26ms, render: 62ms)
 GET / 200 in 20ms (compile: 2ms, proxy.ts: 5ms, render: 13ms)
 GET /api/slideshow 200 in 6ms (compile: 2ms, render: 3ms)
 GET /api/slideshow 200 in 5ms (compile: 2ms, render: 3ms)
 GET /signup 200 in 57ms (compile: 11ms, proxy.ts: 13ms, render: 33ms)
 GET /login?signup=success 200 in 40ms (compile: 8ms, proxy.ts: 4ms, render: 28ms)
 POST /signup 303 in 155ms (compile: 3ms, proxy.ts: 5ms, render: 146ms)
 GET /dashboard 200 in 76ms (compile: 6ms, proxy.ts: 8ms, render: 62ms)
 POST /login?signup=success 303 in 152ms (compile: 3ms, proxy.ts: 3ms, render: 145ms)
 GET /post/create 200 in 49ms (compile: 8ms, proxy.ts: 9ms, render: 32ms)
 GET /dashboard 200 in 46ms (compile: 5ms, proxy.ts: 8ms, render: 33ms)
 GET /user 200 in 53ms (compile: 6ms, proxy.ts: 10ms, render: 37ms)
 GET / 200 in 36ms (compile: 9ms, proxy.ts: 4ms, render: 23ms)
 POST /user 303 in 72ms (compile: 3ms, proxy.ts: 12ms, render: 57ms)
 GET / 200 in 17ms (compile: 3ms, proxy.ts: 3ms, render: 11ms)
 GET /api/slideshow 200 in 8ms (compile: 3ms, render: 4ms)
 GET /api/slideshow 200 in 4ms (compile: 1530µs, render: 3ms)
 GET / 200 in 55ms (compile: 4ms, proxy.ts: 6ms, render: 45ms)
 GET /api/slideshow 200 in 6ms (compile: 3ms, render: 3ms)
 GET /signup 200 in 33ms (compile: 5ms, proxy.ts: 9ms, render: 19ms)
 POST /signup 200 in 67ms (compile: 3ms, proxy.ts: 7ms, render: 57ms)
 GET / 200 in 30ms (compile: 8ms, proxy.ts: 7ms, render: 16ms)
 GET /api/slideshow 200 in 7ms (compile: 2ms, render: 5ms)
 GET /api/slideshow 200 in 4ms (compile: 1313µs, render: 2ms)
 GET /signup 200 in 23ms (compile: 3ms, proxy.ts: 4ms, render: 16ms)
 GET / 200 in 24ms (compile: 4ms, proxy.ts: 5ms, render: 16ms)
 GET /api/slideshow 200 in 11ms (compile: 4ms, render: 6ms)
 GET /api/slideshow 200 in 7ms (compile: 1999µs, render: 5ms)
 GET /signup 200 in 21ms (compile: 3ms, proxy.ts: 4ms, render: 14ms)
 POST /signup 200 in 57ms (compile: 3ms, proxy.ts: 4ms, render: 50ms)
 GET / 200 in 31ms (compile: 9ms, proxy.ts: 4ms, render: 18ms)
 GET /api/slideshow 200 in 5ms (compile: 1641µs, render: 3ms)
 GET /api/slideshow 200 in 8ms (compile: 4ms, render: 4ms)
 GET / 200 in 56ms (compile: 4ms, proxy.ts: 4ms, render: 49ms)
 GET /api/slideshow 200 in 12ms (compile: 4ms, render: 9ms)
 GET /signup 200 in 20ms (compile: 3ms, proxy.ts: 3ms, render: 14ms)
 POST /signup 200 in 61ms (compile: 4ms, proxy.ts: 6ms, render: 51ms)
 GET / 200 in 21ms (compile: 3ms, proxy.ts: 6ms, render: 13ms)
 GET /api/slideshow 200 in 6ms (compile: 1645µs, render: 4ms)
 GET /api/slideshow 200 in 4ms (compile: 1500µs, render: 2ms)
 GET /signup 200 in 45ms (compile: 5ms, proxy.ts: 15ms, render: 24ms)
 GET /login?signup=success 200 in 32ms (compile: 3ms, proxy.ts: 4ms, render: 24ms)
 POST /signup 303 in 106ms (compile: 3ms, proxy.ts: 5ms, render: 98ms)
 GET /dashboard 200 in 81ms (compile: 5ms, proxy.ts: 11ms, render: 65ms)
 POST /login?signup=success 303 in 163ms (compile: 6ms, proxy.ts: 5ms, render: 152ms)
 GET /post/create 200 in 47ms (compile: 6ms, proxy.ts: 9ms, render: 33ms)
 POST /post/create 200 in 135ms (compile: 6ms, proxy.ts: 21ms, render: 108ms)
 POST /post/create 200 in 163ms (compile: 3ms, proxy.ts: 17ms, render: 142ms)
 GET /post/1836e9a8-8040-4831-a0bf-2fe041a8dd64 200 in 2.1s (compile: 1827ms, proxy.ts: 22ms, render: 296ms)
 GET /dashboard 200 in 82ms (compile: 5ms, proxy.ts: 8ms, render: 69ms)
 POST /post/1836e9a8-8040-4831-a0bf-2fe041a8dd64 303 in 225ms (compile: 92ms, proxy.ts: 18ms, render: 115ms)
 GET /user 200 in 68ms (compile: 7ms, proxy.ts: 12ms, render: 49ms)
 GET / 200 in 31ms (compile: 6ms, proxy.ts: 3ms, render: 22ms)
 POST /user 303 in 61ms (compile: 2ms, proxy.ts: 7ms, render: 51ms)
 GET / 200 in 23ms (compile: 3ms, proxy.ts: 9ms, render: 11ms)
 GET /api/slideshow 200 in 12ms (compile: 3ms, render: 9ms)
 GET /api/slideshow 200 in 7ms (compile: 2ms, render: 4ms)
 GET /signup 200 in 40ms (compile: 10ms, proxy.ts: 6ms, render: 24ms)
 GET /login?signup=success 200 in 33ms (compile: 6ms, proxy.ts: 3ms, render: 23ms)
 POST /signup 303 in 110ms (compile: 4ms, proxy.ts: 4ms, render: 102ms)
 GET /dashboard 200 in 75ms (compile: 5ms, proxy.ts: 10ms, render: 60ms)
 POST /login?signup=success 303 in 150ms (compile: 3ms, proxy.ts: 8ms, render: 139ms)
 GET /post/create 200 in 47ms (compile: 6ms, proxy.ts: 11ms, render: 31ms)
 POST /post/create 200 in 86ms (compile: 3ms, proxy.ts: 12ms, render: 71ms)
 POST /post/create 200 in 138ms (compile: 5ms, proxy.ts: 20ms, render: 113ms)
 GET /post/fec5bb92-6aa1-4726-a5f9-7842718cfc3b 200 in 216ms (compile: 103ms, proxy.ts: 14ms, render: 99ms)
 POST /post/fec5bb92-6aa1-4726-a5f9-7842718cfc3b 200 in 226ms (compile: 120ms, proxy.ts: 8ms, render: 98ms)
 POST /post/fec5bb92-6aa1-4726-a5f9-7842718cfc3b 200 in 217ms (compile: 75ms, proxy.ts: 16ms, render: 125ms)
 POST /post/fec5bb92-6aa1-4726-a5f9-7842718cfc3b 200 in 178ms (compile: 77ms, proxy.ts: 8ms, render: 93ms)
 POST /post/fec5bb92-6aa1-4726-a5f9-7842718cfc3b 200 in 165ms (compile: 72ms, proxy.ts: 12ms, render: 80ms)
 POST /post/fec5bb92-6aa1-4726-a5f9-7842718cfc3b 200 in 120ms (compile: 89ms, proxy.ts: 12ms, render: 19ms)
 GET /api/attachments/7a7b9f22-a62e-432a-a822-09d995778ddb.mp4 200 in 789ms (compile: 738ms, render: 51ms)
 GET /post/fec5bb92-6aa1-4726-a5f9-7842718cfc3b/edit 200 in 2.2s (compile: 2.2s, proxy.ts: 10ms, render: 45ms)
 GET /dashboard 200 in 59ms (compile: 4ms, proxy.ts: 19ms, render: 35ms)
 GET /dashboard 200 in 140ms (compile: 6ms, proxy.ts: 19ms, render: 115ms)
 GET /dashboard?type=Article 200 in 47ms (compile: 3ms, proxy.ts: 9ms, render: 35ms)
 GET /dashboard?type=Discussion 200 in 47ms (compile: 3ms, proxy.ts: 10ms, render: 34ms)
 GET /dashboard?type=Inquiry 200 in 39ms (compile: 3ms, proxy.ts: 8ms, render: 28ms)
 GET /dashboard?type=Inquiry&tag=Digital+Transformation 200 in 51ms (compile: 3ms, proxy.ts: 9ms, render: 39ms)
 GET /dashboard?type=Inquiry&tag=Service+Delivery 200 in 50ms (compile: 4ms, proxy.ts: 12ms, render: 35ms)
 GET /dashboard?type=Inquiry&tag=Project+Management 200 in 41ms (compile: 3ms, proxy.ts: 10ms, render: 28ms)
 GET /dashboard?type=Inquiry&tag=Infrastructure 200 in 41ms (compile: 2ms, proxy.ts: 10ms, render: 28ms)
 GET /dashboard?type=Inquiry&tag=Security 200 in 39ms (compile: 2ms, proxy.ts: 9ms, render: 28ms)
 GET /dashboard?type=Inquiry&tag=Product 200 in 42ms (compile: 3ms, proxy.ts: 11ms, render: 28ms)
 GET /dashboard 200 in 49ms (compile: 4ms, proxy.ts: 8ms, render: 37ms)
 GET /dashboard?q=Hello%2C+World%21 200 in 62ms (compile: 4ms, proxy.ts: 12ms, render: 47ms)
 GET /dashboard 200 in 52ms (compile: 3ms, proxy.ts: 11ms, render: 38ms)
 GET /dashboard?sort=Recent 200 in 49ms (compile: 4ms, proxy.ts: 8ms, render: 37ms)
 GET /dashboard?sort=Liked 200 in 43ms (compile: 2ms, proxy.ts: 9ms, render: 31ms)
 GET /dashboard?sort=Views 200 in 42ms (compile: 3ms, proxy.ts: 7ms, render: 32ms)
 GET /user 200 in 52ms (compile: 5ms, proxy.ts: 9ms, render: 38ms)
 GET / 200 in 39ms (compile: 9ms, proxy.ts: 4ms, render: 26ms)
 POST /user 303 in 87ms (compile: 6ms, proxy.ts: 10ms, render: 71ms)
 GET / 200 in 28ms (compile: 5ms, proxy.ts: 7ms, render: 15ms)
 GET /api/slideshow 200 in 14ms (compile: 7ms, render: 7ms)
 GET /api/slideshow 200 in 5ms (compile: 3ms, render: 3ms)
